<?xml version="1.0" encoding="UTF-8"?>
<testsuite xmlns:xsi="http://www.w3.org/2001/XMLSchema-instance" xsi:noNamespaceSchemaLocation="https://maven.apache.org/surefire/maven-surefire-plugin/xsd/surefire-test-report.xsd" version="3.0.2" name="com.optativa.thymeleaf.entidad.ProductoValidationTest" time="0.232" tests="2" errors="0" skipped="0" failures="0">
  <properties>
[...]
</properties>
  <testcase name="productoConCamposInvalidos_muestraMensajesCorrectos" classname="com.optativa.thymeleaf.entidad.ProductoValidationTest" time="0.211">
    <system-out><![CDATA[13:34:45.258 [main] INFO org.hibernate.validator.internal.util.Version -- HV000001: Hibernate Validator 9.0.1.Final
]]></system-out>
  </testcase>
  <testcase name="productoValido_noTieneViolaciones" classname="com.optativa.thymeleaf.entidad.ProductoValidationTest" time="0.007"/>
</testsuite>